<?xml version="1.0" encoding="UTF-8"?>
<!-- Generated by org.testng.reporters.JUnitReportReporter -->
<testsuite hostname="Rosamistica" failures="0" tests="1" name="com.NaveenAutomationlabs.AutomationFrameWork.SideNavigationTest.MyAccountSideNavigationTest" time="7.657" errors="0" timestamp="2023-06-26T15:54:43 ADT" skipped="0">
  <testcase classname="com.NaveenAutomationlabs.AutomationFrameWork.SideNavigationTest.MyAccountSideNavigationTest" name="validateSideNavigationMyAccount" time="7.657"/>
  <system-out/>
</testsuite> <!-- com.NaveenAutomationlabs.AutomationFrameWork.SideNavigationTest.MyAccountSideNavigationTest -->
