<?xml version="1.0" encoding="UTF-8"?>
<!-- Generated by org.testng.reporters.JUnitReportReporter -->
<testsuite hostname="Rosamistica" failures="0" tests="1" name="com.gopesh.LearningSelenium.FirstAssignment" time="7.302" errors="0" timestamp="11 Jun. 2023 03:50:53 GMT" skipped="0">
  <testcase classname="com.gopesh.LearningSelenium.FirstAssignment" name="validateClickContactUs" time="7.302"/>
</testsuite> <!-- com.gopesh.LearningSelenium.FirstAssignment -->
