<?xml version="1.0" encoding="UTF-8"?>
<!-- Generated by org.testng.reporters.JUnitReportReporter -->
<testsuite hostname="Rosamistica" failures="0" tests="1" name="naveenautomationlabs.AutomationFramework.Test.AppleCinema30Test" time="6.884" errors="0" timestamp="2023-07-17T13:31:32 ADT" skipped="0">
  <testcase classname="naveenautomationlabs.AutomationFramework.Test.AppleCinema30Test" name="validateCheckOut" time="6.884"/>
  <system-out/>
</testsuite> <!-- naveenautomationlabs.AutomationFramework.Test.AppleCinema30Test -->
