<?xml version="1.0" encoding="UTF-8"?>
<!-- Generated by org.testng.reporters.JUnitReportReporter -->
<testsuite hostname="Rosamistica" failures="0" tests="1" name="naveenautomationlabs.AutomationFramework.Test.YourStoreTest" time="5.740" errors="0" timestamp="2023-07-17T13:31:32 ADT" skipped="0">
  <testcase classname="naveenautomationlabs.AutomationFramework.Test.YourStoreTest" name="validateCheckOut" time="5.740"/>
  <system-out/>
</testsuite> <!-- naveenautomationlabs.AutomationFramework.Test.YourStoreTest -->
