<?xml version="1.0" encoding="UTF-8"?>
<!-- Generated by org.testng.reporters.JUnitReportReporter -->
<testsuite hostname="Rosamistica" failures="0" tests="1" name="com.NaveenAutomationlabs.FrameWork.assignmentTest.AppleCinema30Test" time="6.717" errors="0" timestamp="2023-06-24T13:20:28 ADT" skipped="0">
  <testcase classname="com.NaveenAutomationlabs.FrameWork.assignmentTest.AppleCinema30Test" name="validateCheckOut" time="6.717"/>
  <system-out/>
</testsuite> <!-- com.NaveenAutomationlabs.FrameWork.assignmentTest.AppleCinema30Test -->
