<?xml version="1.0" encoding="UTF-8"?>
<!-- Generated by org.testng.reporters.JUnitReportReporter -->
<testsuite hostname="Rosamistica" failures="0" tests="1" name="com.NaveenAutomationlabs.FrameWork.assignmentTest.MonitorsPageTest" time="9.031" errors="0" timestamp="2023-06-24T07:50:20 ADT" skipped="0">
  <testcase classname="com.NaveenAutomationlabs.FrameWork.assignmentTest.MonitorsPageTest" name="validateCheckOut" time="9.031"/>
  <system-out/>
</testsuite> <!-- com.NaveenAutomationlabs.FrameWork.assignmentTest.MonitorsPageTest -->
