<?xml version="1.0" encoding="UTF-8"?>
<!-- Generated by org.testng.reporters.JUnitReportReporter -->
<testsuite hostname="Rosamistica" failures="0" tests="1" name="com.gopesh.LearningSelenium.SecondAssignment" time="9.445" errors="0" timestamp="12 Jun. 2023 05:38:57 GMT" skipped="0">
  <testcase classname="com.gopesh.LearningSelenium.SecondAssignment" name="validatePasswordChangeAndLogin" time="9.445"/>
</testsuite> <!-- com.gopesh.LearningSelenium.SecondAssignment -->
