<?xml version="1.0" encoding="UTF-8"?>
<!-- Generated by org.testng.reporters.JUnitReportReporter -->
<testsuite hostname="Rosamistica" failures="0" tests="1" name="com.NaveenAutomationlabs.AutomationFrameWork.SideNavigationTest.MyAccountSideNavigation" time="10.399" errors="0" timestamp="2023-06-26T11:14:06 ADT" skipped="0">
  <testcase classname="com.NaveenAutomationlabs.AutomationFrameWork.SideNavigationTest.MyAccountSideNavigation" name="validateSideNavigationMyAccount" time="10.399"/>
  <system-out/>
</testsuite> <!-- com.NaveenAutomationlabs.AutomationFrameWork.SideNavigationTest.MyAccountSideNavigation -->
