<?xml version="1.0" encoding="UTF-8"?>
<!-- Generated by org.testng.reporters.JUnitReportReporter -->
<testsuite hostname="Rosamistica" failures="0" tests="1" name="naveenautomationlabs.AutomationFramework.Test.AppleCinema30Test" time="6.942" errors="0" timestamp="2023-07-17T02:41:03 ADT" skipped="0">
  <testcase classname="naveenautomationlabs.AutomationFramework.Test.AppleCinema30Test" name="validateCheckOut" time="6.942"/>
  <system-out/>
</testsuite> <!-- naveenautomationlabs.AutomationFramework.Test.AppleCinema30Test -->
